\BOOKMARK [1][-]{section.1}{\376\377\000L\000e\000c\000t\000u\000r\000e\000\040\0001\000.\000\040\000I\000n\000t\000r\000o\000d\000u\000c\000t\000i\000o\000n\000\040\000t\000o\000\040\000M\000a\000t\000h\000e\000m\000a\000t\000i\000c\000a\000l\000\040\000M\000e\000t\000h\000o\000d\000\040\000i\000n\000\040\000V\000D\000A}{}% 1
\BOOKMARK [2][-]{subsection.1.1}{\376\377\000I\000n\000t\000e\000l\000l\000i\000g\000e\000n\000t\000\040\000V\000i\000s\000i\000o\000n\000\040\000S\000y\000s\000t\000e\000m}{section.1}% 2
\BOOKMARK [3][-]{subsubsection.1.1.1}{\376\377\000T\000h\000e\000\040\000c\000o\000n\000c\000e\000p\000t\000\040\000o\000f\000\040\000I\000n\000t\000e\000l\000l\000i\000g\000e\000n\000c\000e}{subsection.1.1}% 3
\BOOKMARK [3][-]{subsubsection.1.1.2}{\376\377\000T\000h\000e\000\040\000i\000n\000t\000e\000l\000l\000i\000g\000e\000n\000c\000e\000\040\000l\000e\000v\000e\000l\000s\000\040\000o\000f\000\040\000V\000i\000s\000i\000o\000n\000\040\000S\000y\000s\000t\000e\000m\000'\000s\000\040\000o\000u\000t\000p\000u\000t}{subsection.1.1}% 4
\BOOKMARK [3][-]{subsubsection.1.1.3}{\376\377\000T\000h\000e\000\040\000t\000h\000r\000e\000e\000\040\000b\000a\000s\000i\000c\000\040\000l\000e\000v\000e\000l\000s\000\040\000o\000f\000\040\000V\000i\000s\000i\000o\000n\000\040\000S\000y\000s\000t\000e\000m\000s\000:}{subsection.1.1}% 5
\BOOKMARK [3][-]{subsubsection.1.1.4}{\376\377\000S\000o\000m\000e\000\040\000I\000n\000t\000e\000l\000l\000i\000g\000e\000n\000t\000\040\000V\000i\000s\000i\000o\000n\000\040\000S\000y\000s\000t\000e\000m\000s}{subsection.1.1}% 6
\BOOKMARK [3][-]{subsubsection.1.1.5}{\376\377\000L\000e\000a\000r\000n\000i\000n\000g\000\040\000M\000e\000t\000h\000o\000d}{subsection.1.1}% 7
\BOOKMARK [2][-]{subsection.1.2}{\376\377\000G\000e\000n\000e\000r\000a\000t\000i\000v\000e\000\040\000A\000I}{section.1}% 8
\BOOKMARK [3][-]{subsubsection.1.2.1}{\376\377\000G\000e\000n\000e\000r\000a\000t\000i\000v\000e\000\040\000A\000I\000\040\000i\000n\000\040\000C\000o\000m\000p\000u\000t\000e\000r\000\040\000V\000i\000s\000i\000o\000n}{subsection.1.2}% 9
\BOOKMARK [3][-]{subsubsection.1.2.2}{\376\377\000D\000i\000f\000f\000u\000s\000i\000o\000n\000\040\000M\000o\000d\000e\000l}{subsection.1.2}% 10
\BOOKMARK [2][-]{subsection.1.3}{\376\377\000V\000i\000s\000i\000o\000n\000-\000L\000a\000n\000g\000u\000a\000g\000e\000\040\000P\000r\000e\000-\000t\000r\000a\000i\000n\000e\000d\000\040\000M\000o\000d\000e\000l}{section.1}% 11
\BOOKMARK [3][-]{subsubsection.1.3.1}{\376\377\000V\000i\000s\000i\000o\000n\000-\000L\000a\000n\000g\000u\000a\000g\000e\000\040\000P\000r\000e\000-\000t\000r\000a\000i\000n\000e\000d}{subsection.1.3}% 12
\BOOKMARK [3][-]{subsubsection.1.3.2}{\376\377\000T\000e\000x\000t\000-\000I\000m\000a\000g\000e\000\040\000T\000a\000s\000k\000s}{subsection.1.3}% 13
\BOOKMARK [1][-]{section.2}{\376\377\000L\000e\000c\000t\000u\000r\000e\000\040\0002\000.\000\040\000M\000e\000t\000r\000i\000c\000\040\000S\000p\000a\000c\000e}{}% 14
\BOOKMARK [2][-]{subsection.2.1}{\376\377\000T\000h\000e\000\040\000R\000o\000l\000e\000\040\000o\000f\000\040\000M\000e\000t\000r\000i\000c\000\040\000S\000p\000a\000c\000e\000\040\000i\000n\000\040\000V\000D\000A}{section.2}% 15
\BOOKMARK [2][-]{subsection.2.2}{\376\377\000T\000h\000e\000\040\000B\000a\000s\000i\000c\000\040\000C\000o\000n\000c\000e\000p\000t\000s\000\040\000i\000n\000\040\000M\000e\000t\000r\000i\000c\000\040\000S\000p\000a\000c\000e}{section.2}% 16
\BOOKMARK [3][-]{subsubsection.2.2.1}{\376\377\000M\000e\000t\000r\000i\000c\000\040\000S\000p\000a\000c\000e}{subsection.2.2}% 17
\BOOKMARK [3][-]{subsubsection.2.2.2}{\376\377\000C\000a\000u\000c\000h\000y\000\040\000s\000e\000q\000u\000e\000n\000c\000e\000s}{subsection.2.2}% 18
\BOOKMARK [3][-]{subsubsection.2.2.3}{\376\377\000C\000o\000n\000v\000e\000r\000g\000e\000n\000t\000\040\000s\000e\000q\000u\000e\000n\000c\000e}{subsection.2.2}% 19
\BOOKMARK [3][-]{subsubsection.2.2.4}{\376\377\000C\000o\000m\000p\000l\000e\000t\000e\000\040\000M\000e\000t\000r\000i\000c\000\040\000S\000p\000a\000c\000e}{subsection.2.2}% 20
\BOOKMARK [3][-]{subsubsection.2.2.5}{\376\377\000M\000e\000t\000r\000i\000c\000\040\000s\000p\000a\000c\000e\000\040\000H\000a\000u\000s\000d\000o\000r\000f\000f}{subsection.2.2}% 21
\BOOKMARK [3][-]{subsubsection.2.2.6}{\376\377\000C\000o\000n\000t\000r\000a\000c\000t\000i\000o\000n\000\040\000m\000a\000p\000p\000i\000n\000g\000\040\000a\000n\000d\000\040\000f\000i\000x\000e\000d\000\040\000p\000o\000i\000n\000t}{subsection.2.2}% 22
\BOOKMARK [3][-]{subsubsection.2.2.7}{\376\377\000C\000o\000n\000t\000r\000a\000c\000t\000i\000o\000n\000\040\000m\000a\000p\000p\000i\000n\000g\000\040\000o\000n\000\040\000m\000e\000t\000r\000i\000c\000\040\000s\000p\000a\000c\000e\000\040\000H\000a\000u\000s\000d\000o\000r\000f\000f}{subsection.2.2}% 23
\BOOKMARK [2][-]{subsection.2.3}{\376\377\000A\000p\000p\000l\000i\000c\000a\000t\000i\000o\000n\000s\000\040\000o\000f\000\040\000M\000e\000t\000r\000i\000c\000\040\000S\000p\000a\000c\000e\000\040\000i\000n\000\040\000V\000D\000A}{section.2}% 24
\BOOKMARK [2][-]{subsection.2.4}{\376\377\000L\000e\000c\000t\000u\000r\000e\000\040\0003\000.\000\040\000A\000p\000p\000l\000y\000\040\000m\000e\000t\000r\000i\000c\000\040\000s\000p\000a\000c\000e\000\040\000t\000o\000\040\000V\000D\000A}{section.2}% 25
\BOOKMARK [3][-]{subsubsection.2.4.1}{\376\377\000D\000r\000a\000w\000i\000n\000g\000\040\000b\000a\000s\000e\000d\000\040\000o\000n\000\040\000F\000r\000a\000c\000t\000a\000l\000\040\000g\000e\000o\000m\000e\000t\000r\000y}{subsection.2.4}% 26
\BOOKMARK [2][-]{subsection.2.5}{\376\377\000F\000r\000a\000c\000t\000a\000l\000\040\000i\000m\000a\000g\000e\000\040\000c\000o\000m\000p\000r\000e\000s\000s\000i\000o\000n}{section.2}% 27
\BOOKMARK [1][-]{section.3}{\376\377\000C\000h\000a\000p\000t\000e\000r\000\040\0003\000.\000\040\000V\000e\000c\000t\000o\000r\000\040\000S\000p\000a\000c\000e}{}% 28
\BOOKMARK [2][-]{subsection.3.1}{\376\377\000T\000h\000e\000\040\000r\000o\000l\000e\000\040\000o\000f\000\040\000v\000e\000c\000t\000o\000r\000\040\000s\000p\000a\000c\000e\000\040\000i\000n\000\040\000V\000D\000A}{section.3}% 29
\BOOKMARK [2][-]{subsection.3.2}{\376\377\000T\000h\000e\000\040\000b\000a\000s\000i\000c\000\040\000c\000o\000n\000c\000e\000p\000t\000s\000\040\000i\000n\000\040\000v\000e\000c\000t\000o\000r\000\040\000s\000p\000a\000c\000e}{section.3}% 30
\BOOKMARK [2][-]{subsection.3.3}{\376\377\000A\000p\000p\000l\000i\000c\000a\000t\000i\000o\000n\000s\000\040\000o\000f\000\040\000v\000e\000c\000t\000o\000r\000\040\000s\000p\000a\000c\000e\000\040\000i\000n\000\040\000V\000D\000A}{section.3}% 31
\BOOKMARK [1][-]{section.4}{\376\377\000C\000h\000a\000p\000t\000e\000r\000\040\0004\000.\000\040\000O\000p\000t\000i\000m\000i\000z\000a\000t\000i\000o\000n\000\040\000M\000e\000t\000h\000o\000d}{}% 32
\BOOKMARK [2][-]{subsection.4.1}{\376\377\000T\000h\000e\000\040\000r\000o\000l\000e\000\040\000o\000f\000\040\000o\000p\000t\000i\000m\000i\000z\000a\000t\000i\000o\000n\000\040\000m\000e\000t\000h\000o\000d\000\040\000i\000n\000\040\000V\000D\000A}{section.4}% 33
\BOOKMARK [2][-]{subsection.4.2}{\376\377\000U\000n\000c\000o\000n\000s\000t\000r\000a\000i\000n\000e\000d\000\040\000o\000p\000t\000i\000m\000i\000z\000a\000t\000i\000o\000n\000\040\000m\000e\000t\000h\000o\000d}{section.4}% 34
\BOOKMARK [2][-]{subsection.4.3}{\376\377\000C\000o\000n\000s\000t\000r\000a\000i\000n\000e\000d\000\040\000o\000p\000t\000i\000m\000i\000z\000a\000t\000i\000o\000n\000\040\000m\000e\000t\000h\000o\000d}{section.4}% 35
\BOOKMARK [2][-]{subsection.4.4}{\376\377\000A\000p\000p\000l\000i\000c\000a\000t\000i\000o\000n\000s\000\040\000o\000f\000\040\000o\000p\000t\000i\000m\000i\000z\000a\000t\000i\000o\000n\000\040\000m\000e\000t\000h\000o\000d\000\040\000i\000n\000\040\000V\000D\000A}{section.4}% 36
\BOOKMARK [1][-]{section.5}{\376\377\000C\000h\000a\000p\000t\000e\000r\000\040\0005\000.\000\040\000M\000e\000t\000h\000o\000d\000\040\000o\000f\000\040\000S\000o\000l\000v\000i\000n\000g\000\040\000a\000\040\000S\000y\000s\000t\000e\000m\000\040\000o\000f\000\040\000E\000q\000u\000a\000t\000i\000o\000n\000s}{}% 37
\BOOKMARK [2][-]{subsection.5.1}{\376\377\000T\000h\000e\000\040\000r\000o\000l\000e\000\040\000o\000f\000\040\000s\000y\000s\000t\000e\000m\000\040\000o\000f\000\040\000e\000q\000u\000a\000t\000i\000o\000n\000s\000\040\000i\000n\000\040\000V\000D\000A}{section.5}% 38
\BOOKMARK [2][-]{subsection.5.2}{\376\377\000M\000e\000t\000h\000o\000d\000\040\000o\000f\000\040\000s\000o\000l\000v\000i\000n\000g\000\040\000s\000y\000s\000t\000e\000m\000\040\000o\000f\000\040\000l\000i\000n\000e\000a\000r\000\040\000e\000q\000u\000a\000t\000i\000o\000n\000s}{section.5}% 39
\BOOKMARK [2][-]{subsection.5.3}{\376\377\000M\000e\000t\000h\000o\000d\000\040\000o\000f\000\040\000s\000o\000l\000v\000i\000n\000g\000\040\000s\000y\000s\000t\000e\000m\000\040\000o\000f\000\040\000n\000o\000n\000-\000l\000i\000n\000e\000a\000r\000\040\000e\000q\000u\000a\000t\000i\000o\000n\000s}{section.5}% 40
\BOOKMARK [2][-]{subsection.5.4}{\376\377\000A\000p\000p\000l\000i\000c\000a\000t\000i\000o\000n\000s\000\040\000o\000f\000\040\000s\000y\000s\000t\000e\000m\000\040\000o\000f\000\040\000e\000q\000u\000a\000t\000i\000o\000n\000s\000\040\000i\000n\000\040\000V\000D\000A}{section.5}% 41
\BOOKMARK [1][-]{section.6}{\376\377\000C\000h\000a\000p\000t\000e\000r\000\040\0006\000.\000\040\000M\000e\000t\000h\000o\000d\000\040\000o\000f\000\040\000S\000o\000l\000v\000i\000n\000g\000\040\000P\000a\000r\000t\000i\000a\000l\000\040\000D\000i\000f\000f\000e\000r\000e\000n\000t\000i\000a\000l\000\040\000E\000q\000u\000a\000t\000i\000o\000n\000s}{}% 42
\BOOKMARK [2][-]{subsection.6.1}{\376\377\000T\000h\000e\000\040\000r\000o\000l\000e\000\040\000o\000f\000\040\000P\000D\000E\000\040\000i\000n\000\040\000V\000D\000A}{section.6}% 43
\BOOKMARK [2][-]{subsection.6.2}{\376\377\000M\000e\000t\000h\000o\000d\000\040\000o\000f\000\040\000s\000o\000l\000v\000i\000n\000g\000\040\000P\000D\000E}{section.6}% 44
\BOOKMARK [2][-]{subsection.6.3}{\376\377\000A\000p\000p\000l\000i\000c\000a\000t\000i\000o\000n\000s\000\040\000o\000f\000\040\000P\000D\000E\000\040\000i\000n\000\040\000V\000D\000A}{section.6}% 45
\BOOKMARK [1][-]{section.7}{\376\377\000C\000h\000a\000p\000t\000e\000r\000\040\0007\000.\000\040\000D\000e\000e\000p\000\040\000L\000e\000a\000r\000n\000i\000n\000g}{}% 46
\BOOKMARK [2][-]{subsection.7.1}{\376\377\000T\000h\000e\000\040\000r\000o\000l\000e\000\040\000o\000f\000\040\000D\000L\000\040\000i\000n\000\040\000V\000D\000A}{section.7}% 47
\BOOKMARK [2][-]{subsection.7.2}{\376\377\0002\000D\000\040\000a\000n\000d\000\040\0003\000D\000\040\000D\000e\000e\000p\000\040\000C\000o\000n\000v\000o\000l\000u\000t\000i\000o\000n\000\040\000N\000e\000u\000r\000a\000l\000\040\000N\000e\000t\000w\000o\000r\000k}{section.7}% 48
\BOOKMARK [2][-]{subsection.7.3}{\376\377\000D\000e\000e\000p\000\040\000R\000e\000c\000u\000r\000r\000e\000n\000t\000\040\000N\000e\000u\000r\000a\000l\000\040\000N\000e\000t\000w\000o\000r\000k}{section.7}% 49
\BOOKMARK [2][-]{subsection.7.4}{\376\377\000A\000p\000p\000l\000i\000c\000a\000t\000i\000o\000n\000s\000\040\000o\000f\000\040\000D\000L\000\040\000i\000n\000\040\000V\000D\000A}{section.7}% 50
\BOOKMARK [1][-]{section.8}{\376\377\000S\000e\000c\000t\000i\000o\000n}{}% 51
\BOOKMARK [2][-]{subsection.8.1}{\376\377\000M\036\331\000t\000\040\000s\036\321\000\040\000l\001\260\000u\000\040\000\375}{section.8}% 52
\BOOKMARK [3][-]{subsubsection.8.1.1}{\376\377\000C\000\340\000i\000\040\001\021\036\267\000t\000\040\000o\000f\000f\000l\000i\000n\000e}{subsection.8.1}% 53
\BOOKMARK [3][-]{subsubsection.8.1.2}{\376\377\000S\036\355\000\040\000d\036\345\000n\000g\000\040\000f\000o\000n\000t\000\040\000k\000h\000\341\000c}{subsection.8.1}% 54
\BOOKMARK [3][-]{subsubsection.8.1.3}{\376\377\001\020\000\341\000n\000h\000\040\000s\036\321\000\040\000c\000h\036\311\000\040\000m\036\345\000c\000\040\000b\036\261\000n\000g\000\040\000c\000h\036\357\000\040\000s\036\321\000\040\000L\000a\000\040\000M\000\343}{subsection.8.1}% 55
\BOOKMARK [2][-]{subsection.8.2}{\376\377\000V\000\355\000\040\000d\036\345}{section.8}% 56
\BOOKMARK [2][-]{subsection.8.3}{\376\377\000F\000i\000r\000s\000t\000\040\000s\000u\000b\000s\000e\000c\000t\000i\000o\000n}{section.8}% 57
\BOOKMARK [3][-]{subsubsection.8.3.1}{\376\377\000F\000i\000r\000s\000t\000\040\000s\000u\000b\000-\000s\000u\000b\000s\000e\000c\000t\000i\000o\000n}{subsection.8.3}% 58
\BOOKMARK [2][-]{subsection.8.4}{\376\377\000C\000h\000i\000a\000\040\000n\000h\036\317\000\040\000n\036\331\000i\000\040\000d\000u\000n\000g}{section.8}% 59
\BOOKMARK [1][-]{section.9}{\376\377\000H\000\354\000n\000h\000\040\036\243\000n\000h}{}% 60
\BOOKMARK [1][-]{section.10}{\376\377\000B\036\243\000n\000g\000\040\000b\000i\036\303\000u}{}% 61
\BOOKMARK [1][-]{section.11}{\376\377\000C\000\364\000n\000g\000\040\000t\000h\036\351\000c\000\040\000t\000o\000\341\000n}{}% 62
\BOOKMARK [1][-]{section.12}{\376\377\000T\000h\000u\036\255\000t\000\040\000t\000o\000\341\000n}{}% 63
\BOOKMARK [1][-]{section.13}{\376\377\000C\000o\000d\000e}{}% 64
\BOOKMARK [1][-]{section.14}{\376\377\000N\000g\000\364\000n\000\040\000n\000g\036\357}{}% 65
\BOOKMARK [1][-]{section.15}{\376\377\000S\036\355\000\040\000d\036\345\000n\000g\000\040\000t\000\340\000i\000\040\000l\000i\036\307\000u\000\040\000t\000h\000a\000m\000\040\000k\000h\036\243\000o}{}% 66
\BOOKMARK [1][-]{section*.5}{\376\377\000T\000\340\000i\000\040\000l\000i\036\307\000u}{}% 67
\BOOKMARK [1][-]{appendix.A}{\376\377\000P\000h\036\345\000\040\000l\036\345\000c}{}% 68
